<?xml version="1.0" encoding="UTF-8"?>
<testsuite name="com.zsoltbalvanyos.implementations.CompoundingInterestCalculatorTest" tests="1" skipped="0" failures="0" errors="0" timestamp="2019-01-25T09:06:07" hostname="OVO3856MB" time="0.033">
  <properties/>
  <testcase name="test" classname="com.zsoltbalvanyos.implementations.CompoundingInterestCalculatorTest" time="0.033"/>
  <system-out><![CDATA[]]></system-out>
  <system-err><![CDATA[]]></system-err>
</testsuite>
