<?xml version="1.0" encoding="UTF-8"?>
<testsuite name="com.zsoltbalvanyos.implementations.CSVMarketTest" tests="4" skipped="0" failures="0" errors="0" timestamp="2019-01-25T09:06:08" hostname="OVO3856MB" time="0.023">
  <properties/>
  <testcase name="noneWhenOutOfBound" classname="com.zsoltbalvanyos.implementations.CSVMarketTest" time="0.014"/>
  <testcase name="noneWhenParsingError" classname="com.zsoltbalvanyos.implementations.CSVMarketTest" time="0.0"/>
  <testcase name="parseCorrectLine" classname="com.zsoltbalvanyos.implementations.CSVMarketTest" time="0.0"/>
  <testcase name="trimOffers" classname="com.zsoltbalvanyos.implementations.CSVMarketTest" time="0.008"/>
  <system-out><![CDATA[[WARN ] 2019-01-25 09:06:08.172 [Test worker] CSVMarket - Failed to parse Jon. 1
[WARN ] 2019-01-25 09:06:08.177 [Test worker] CSVMarket - Failed to parse Jon,x,500. For input string: "x"
]]></system-out>
  <system-err><![CDATA[]]></system-err>
</testsuite>
